TN:
SF:src/controllers/services/request.ts
FN:3,(anonymous_6)
FN:5,(anonymous_7)
FN:23,Request
FN:33,(anonymous_9)
FN:37,(anonymous_10)
FN:41,(anonymous_11)
FN:47,(anonymous_12)
FN:69,(anonymous_13)
FN:79,(anonymous_14)
FN:83,(anonymous_15)
FN:90,(anonymous_16)
FNF:11
FNH:2
FNDA:3,(anonymous_6)
FNDA:3,(anonymous_7)
FNDA:0,Request
FNDA:0,(anonymous_9)
FNDA:0,(anonymous_10)
FNDA:0,(anonymous_11)
FNDA:0,(anonymous_12)
FNDA:0,(anonymous_13)
FNDA:0,(anonymous_14)
FNDA:0,(anonymous_15)
FNDA:0,(anonymous_16)
DA:3,6
DA:5,3
DA:16,0
DA:18,0
DA:19,0
DA:20,0
DA:23,3
DA:24,0
DA:25,0
DA:26,0
DA:27,0
DA:28,0
DA:29,0
DA:30,0
DA:33,3
DA:34,0
DA:37,3
DA:38,0
DA:39,0
DA:41,0
DA:42,0
DA:43,0
DA:44,0
DA:47,0
DA:49,0
DA:50,0
DA:51,0
DA:52,0
DA:55,0
DA:59,0
DA:60,0
DA:62,0
DA:66,0
DA:69,3
DA:70,0
DA:71,0
DA:73,0
DA:74,0
DA:75,0
DA:79,3
DA:80,0
DA:83,3
DA:84,0
DA:85,0
DA:86,0
DA:90,3
DA:91,0
DA:93,0
DA:95,0
DA:97,3
LF:50
LH:10
BRDA:23,1,0,0
BRDA:23,1,1,0
BRDA:23,2,0,0
BRDA:23,2,1,0
BRDA:23,3,0,0
BRDA:23,3,1,0
BRDA:23,4,0,0
BRDA:23,4,1,0
BRDA:49,5,0,0
BRDA:49,5,1,0
BRDA:70,6,0,0
BRDA:70,6,1,0
BRDA:80,7,0,0
BRDA:80,7,1,0
BRDA:80,8,0,0
BRDA:80,8,1,0
BRDA:84,9,0,0
BRDA:84,9,1,0
BRDA:3,10,0,3
BRDA:3,10,1,3
BRF:20
BRH:2
end_of_record
TN:
SF:src/controllers/services/service.ts
FN:3,(anonymous_17)
FN:5,(anonymous_18)
FN:14,Service
FN:21,(anonymous_20)
FN:33,(anonymous_21)
FN:40,(anonymous_22)
FN:45,(anonymous_23)
FN:55,(anonymous_24)
FN:59,(anonymous_25)
FNF:9
FNH:2
FNDA:3,(anonymous_17)
FNDA:3,(anonymous_18)
FNDA:0,Service
FNDA:0,(anonymous_20)
FNDA:0,(anonymous_21)
FNDA:0,(anonymous_22)
FNDA:0,(anonymous_23)
FNDA:0,(anonymous_24)
FNDA:0,(anonymous_25)
DA:3,6
DA:5,3
DA:10,0
DA:11,0
DA:14,3
DA:15,0
DA:16,0
DA:17,0
DA:18,0
DA:21,3
DA:22,0
DA:29,0
DA:30,0
DA:33,3
DA:34,0
DA:35,0
DA:36,0
DA:37,0
DA:40,3
DA:41,0
DA:42,0
DA:45,3
DA:46,0
DA:47,0
DA:48,0
DA:49,0
DA:52,0
DA:55,3
DA:56,0
DA:59,3
DA:60,0
DA:62,3
LF:32
LH:10
BRDA:14,1,0,0
BRDA:14,1,1,0
BRDA:21,2,0,0
BRDA:21,2,1,0
BRDA:21,3,0,0
BRDA:21,3,1,0
BRDA:21,4,0,0
BRDA:21,4,1,0
BRDA:21,5,0,0
BRDA:21,5,1,0
BRDA:21,6,0,0
BRDA:21,6,1,0
BRDA:25,7,0,0
BRDA:25,7,1,0
BRDA:33,8,0,0
BRDA:33,8,1,0
BRDA:47,9,0,0
BRDA:47,9,1,0
BRDA:55,10,0,0
BRDA:55,10,1,0
BRDA:55,11,0,0
BRDA:55,11,1,0
BRDA:55,12,0,0
BRDA:55,12,1,0
BRDA:55,13,0,0
BRDA:55,13,1,0
BRDA:3,14,0,3
BRDA:3,14,1,0
BRF:28
BRH:1
end_of_record
TN:
SF:src/controllers/services/serviceManager.ts
FN:3,(anonymous_26)
FN:4,(anonymous_27)
FN:9,ServiceManager
FN:13,(anonymous_29)
FN:18,(anonymous_30)
FN:22,(anonymous_31)
FNF:6
FNH:2
FNDA:3,(anonymous_26)
FNDA:3,(anonymous_27)
FNDA:0,ServiceManager
FNDA:0,(anonymous_29)
FNDA:0,(anonymous_30)
FNDA:0,(anonymous_31)
DA:3,6
DA:4,3
DA:7,0
DA:9,3
DA:10,0
DA:13,3
DA:14,0
DA:15,0
DA:18,3
DA:19,0
DA:22,3
DA:23,0
DA:25,3
LF:13
LH:7
BRDA:13,1,0,0
BRDA:13,1,1,0
BRDA:19,2,0,0
BRDA:19,2,1,0
BRDA:3,3,0,3
BRDA:3,3,1,0
BRF:6
BRH:1
end_of_record
TN:
SF:src/utils/maths.ts
FN:3,(anonymous_32)
FN:4,(anonymous_33)
FN:17,(anonymous_35)
FN:26,(anonymous_36)
FN:40,(anonymous_37)
FN:53,(anonymous_38)
FN:66,(anonymous_39)
FN:85,(anonymous_40)
FN:105,(anonymous_41)
FNF:9
FNH:2
FNDA:3,(anonymous_32)
FNDA:3,(anonymous_33)
FNDA:0,(anonymous_35)
FNDA:0,(anonymous_36)
FNDA:0,(anonymous_37)
FNDA:0,(anonymous_38)
FNDA:0,(anonymous_39)
FNDA:0,(anonymous_40)
FNDA:0,(anonymous_41)
DA:3,6
DA:4,6
DA:17,3
DA:18,0
DA:26,3
DA:27,0
DA:28,0
DA:30,0
DA:40,3
DA:41,0
DA:53,3
DA:54,0
DA:66,3
DA:68,0
DA:70,0
DA:72,0
DA:85,3
DA:86,0
DA:88,0
DA:89,0
DA:90,0
DA:92,0
DA:105,3
DA:106,0
DA:108,3
LF:25
LH:10
BRDA:26,1,0,0
BRDA:26,1,1,0
BRDA:27,2,0,0
BRDA:27,2,1,0
BRDA:86,3,0,0
BRDA:86,3,1,0
BRDA:3,4,0,3
BRDA:3,4,1,0
BRF:8
BRH:1
end_of_record
TN:
SF:src/utils/depreciated.ts
FN:8,(anonymous_42)
FN:9,(anonymous_43)
FNF:2
FNH:2
FNDA:3,(anonymous_42)
FNDA:3,(anonymous_43)
DA:8,6
DA:9,6
DA:11,3
LF:3
LH:3
BRDA:8,1,0,3
BRDA:8,1,1,0
BRF:2
BRH:1
end_of_record
TN:
SF:src/utils/debug.ts
FN:3,(anonymous_45)
FN:4,(anonymous_46)
FN:8,Debug
FN:25,(anonymous_48)
FN:26,(anonymous_49)
FN:28,(anonymous_50)
FNF:6
FNH:2
FNDA:3,(anonymous_45)
FNDA:3,(anonymous_46)
FNDA:0,Debug
FNDA:0,(anonymous_48)
FNDA:0,(anonymous_49)
FNDA:0,(anonymous_50)
DA:3,6
DA:4,3
DA:8,3
DA:9,0
DA:25,3
DA:26,0
DA:27,0
DA:28,0
DA:29,0
DA:30,0
DA:31,0
DA:34,0
DA:35,0
DA:38,3
LF:14
LH:5
BRDA:25,1,0,0
BRDA:25,1,1,0
BRDA:3,2,0,3
BRDA:3,2,1,0
BRF:4
BRH:1
end_of_record
TN:
SF:src/core/cache/cache.ts
FN:3,(anonymous_51)
FN:5,(anonymous_52)
FNF:2
FNH:2
FNDA:3,(anonymous_51)
FNDA:3,(anonymous_52)
DA:3,6
DA:5,6
DA:7,3
LF:3
LH:3
BRDA:3,1,0,3
BRDA:3,1,1,0
BRF:2
BRH:1
end_of_record
TN:
SF:src/core/events/event.ts
FN:3,(anonymous_54)
FN:5,(anonymous_55)
FN:12,Event
FN:17,(anonymous_57)
FN:25,(anonymous_58)
FN:41,(anonymous_59)
FN:53,(anonymous_60)
FN:49,(anonymous_61)
FNF:8
FNH:2
FNDA:3,(anonymous_54)
FNDA:3,(anonymous_55)
FNDA:0,Event
FNDA:0,(anonymous_57)
FNDA:0,(anonymous_58)
FNDA:0,(anonymous_59)
FNDA:0,(anonymous_60)
FNDA:0,(anonymous_61)
DA:3,6
DA:5,3
DA:9,0
DA:10,0
DA:12,3
DA:13,0
DA:14,0
DA:17,3
DA:18,0
DA:19,0
DA:20,0
DA:21,0
DA:22,0
DA:25,3
DA:26,0
DA:27,0
DA:28,0
DA:29,0
DA:31,0
DA:32,0
DA:35,0
DA:36,0
DA:41,3
DA:42,0
DA:43,0
DA:44,0
DA:49,3
DA:50,0
DA:54,0
DA:56,3
LF:30
LH:8
BRDA:17,1,0,0
BRDA:17,1,1,0
BRDA:26,2,0,0
BRDA:26,2,1,0
BRDA:31,3,0,0
BRDA:31,3,1,0
BRDA:35,4,0,0
BRDA:35,4,1,0
BRDA:43,5,0,0
BRDA:43,5,1,0
BRDA:3,6,0,3
BRDA:3,6,1,0
BRF:12
BRH:1
end_of_record
TN:
SF:src/core/events/eventEmitter.ts
FN:3,(anonymous_62)
FN:5,(anonymous_63)
FN:9,EventEmitter
FN:13,(anonymous_65)
FN:19,(anonymous_66)
FN:24,(anonymous_67)
FN:29,(anonymous_68)
FN:34,(anonymous_69)
FN:38,(anonymous_70)
FN:43,(anonymous_71)
FN:48,(anonymous_72)
FNF:11
FNH:2
FNDA:3,(anonymous_62)
FNDA:3,(anonymous_63)
FNDA:0,EventEmitter
FNDA:0,(anonymous_65)
FNDA:0,(anonymous_66)
FNDA:0,(anonymous_67)
FNDA:0,(anonymous_68)
FNDA:0,(anonymous_69)
FNDA:0,(anonymous_70)
FNDA:0,(anonymous_71)
FNDA:0,(anonymous_72)
DA:3,6
DA:5,3
DA:9,3
DA:10,0
DA:13,3
DA:14,0
DA:15,0
DA:16,0
DA:19,3
DA:20,0
DA:21,0
DA:24,3
DA:25,0
DA:26,0
DA:29,3
DA:30,0
DA:31,0
DA:34,3
DA:35,0
DA:38,3
DA:39,0
DA:40,0
DA:43,3
DA:44,0
DA:45,0
DA:48,3
DA:49,0
DA:50,0
DA:52,3
LF:29
LH:12
BRDA:13,1,0,0
BRDA:13,1,1,0
BRDA:19,2,0,0
BRDA:19,2,1,0
BRDA:24,3,0,0
BRDA:24,3,1,0
BRDA:29,4,0,0
BRDA:29,4,1,0
BRDA:3,5,0,3
BRDA:3,5,1,0
BRF:10
BRH:1
end_of_record
TN:
SF:src/core/storage/storageManager.ts
FN:3,(anonymous_73)
FN:5,(anonymous_74)
FN:17,StorageManager
FN:34,(anonymous_76)
FN:44,(anonymous_77)
FN:53,(anonymous_78)
FN:61,(anonymous_79)
FN:69,(anonymous_80)
FN:78,(anonymous_81)
FN:91,(anonymous_82)
FN:103,(anonymous_83)
FN:114,(anonymous_84)
FN:122,(anonymous_85)
FN:129,(anonymous_86)
FNF:14
FNH:2
FNDA:3,(anonymous_73)
FNDA:3,(anonymous_74)
FNDA:0,StorageManager
FNDA:0,(anonymous_76)
FNDA:0,(anonymous_77)
FNDA:0,(anonymous_78)
FNDA:0,(anonymous_79)
FNDA:0,(anonymous_80)
FNDA:0,(anonymous_81)
FNDA:0,(anonymous_82)
FNDA:0,(anonymous_83)
FNDA:0,(anonymous_84)
FNDA:0,(anonymous_85)
FNDA:0,(anonymous_86)
DA:3,6
DA:5,3
DA:7,0
DA:10,0
DA:11,0
DA:12,0
DA:14,0
DA:15,0
DA:17,3
DA:18,0
DA:19,0
DA:20,0
DA:21,0
DA:22,0
DA:23,0
DA:24,0
DA:25,0
DA:34,3
DA:35,0
DA:36,0
DA:44,3
DA:45,0
DA:46,0
DA:53,3
DA:54,0
DA:61,3
DA:62,0
DA:69,3
DA:70,0
DA:71,0
DA:78,3
DA:79,0
DA:80,0
DA:81,0
DA:83,0
DA:91,3
DA:92,0
DA:93,0
DA:95,0
DA:103,3
DA:104,0
DA:105,0
DA:107,0
DA:114,3
DA:115,0
DA:116,0
DA:122,3
DA:123,0
DA:129,3
DA:130,0
DA:131,0
DA:132,0
DA:133,0
DA:134,0
DA:136,0
DA:139,3
LF:56
LH:15
BRDA:19,1,0,0
BRDA:19,1,1,0
BRDA:54,2,0,0
BRDA:54,2,1,0
BRDA:79,3,0,0
BRDA:79,3,1,0
BRDA:92,4,0,0
BRDA:92,4,1,0
BRDA:104,5,0,0
BRDA:104,5,1,0
BRDA:3,6,0,3
BRDA:3,6,1,0
BRF:12
BRH:1
end_of_record
TN:
SF:src/core/engineHelper.ts
FN:8,(anonymous_87)
FN:9,(anonymous_88)
FN:23,(anonymous_90)
FN:35,(anonymous_91)
FN:47,(anonymous_92)
FN:59,(anonymous_93)
FN:63,(anonymous_94)
FN:67,(anonymous_95)
FN:71,(anonymous_96)
FN:75,(anonymous_97)
FN:79,(anonymous_98)
FN:83,(anonymous_99)
FN:87,(anonymous_100)
FN:95,(anonymous_101)
FN:91,(anonymous_102)
FN:99,(anonymous_103)
FN:103,(anonymous_104)
FN:107,(anonymous_105)
FN:111,(anonymous_106)
FN:115,(anonymous_107)
FN:119,(anonymous_108)
FN:123,(anonymous_109)
FN:127,(anonymous_110)
FN:131,(anonymous_111)
FN:135,(anonymous_112)
FN:139,(anonymous_113)
FNF:26
FNH:2
FNDA:3,(anonymous_87)
FNDA:3,(anonymous_88)
FNDA:0,(anonymous_90)
FNDA:0,(anonymous_91)
FNDA:0,(anonymous_92)
FNDA:0,(anonymous_93)
FNDA:0,(anonymous_94)
FNDA:0,(anonymous_95)
FNDA:0,(anonymous_96)
FNDA:0,(anonymous_97)
FNDA:0,(anonymous_98)
FNDA:0,(anonymous_99)
FNDA:0,(anonymous_100)
FNDA:0,(anonymous_101)
FNDA:0,(anonymous_102)
FNDA:0,(anonymous_103)
FNDA:0,(anonymous_104)
FNDA:0,(anonymous_105)
FNDA:0,(anonymous_106)
FNDA:0,(anonymous_107)
FNDA:0,(anonymous_108)
FNDA:0,(anonymous_109)
FNDA:0,(anonymous_110)
FNDA:0,(anonymous_111)
FNDA:0,(anonymous_112)
FNDA:0,(anonymous_113)
DA:8,6
DA:9,6
DA:23,3
DA:24,0
DA:25,0
DA:26,0
DA:27,0
DA:30,0
DA:32,0
DA:35,3
DA:36,0
DA:37,0
DA:38,0
DA:39,0
DA:40,0
DA:41,0
DA:42,0
DA:43,0
DA:47,3
DA:48,0
DA:49,0
DA:50,0
DA:51,0
DA:54,0
DA:56,0
DA:59,3
DA:60,0
DA:63,3
DA:64,0
DA:67,3
DA:68,0
DA:71,3
DA:72,0
DA:75,3
DA:76,0
DA:79,3
DA:80,0
DA:83,3
DA:84,0
DA:87,3
DA:88,0
DA:91,3
DA:92,0
DA:96,0
DA:99,3
DA:100,0
DA:103,3
DA:104,0
DA:107,3
DA:108,0
DA:111,3
DA:112,0
DA:115,3
DA:116,0
DA:120,0
DA:123,3
DA:124,0
DA:127,3
DA:128,0
DA:131,3
DA:132,0
DA:135,3
DA:136,0
DA:139,3
DA:140,0
DA:152,3
LF:66
LH:25
BRDA:25,1,0,0
BRDA:25,1,1,0
BRDA:36,2,0,0
BRDA:36,2,1,0
BRDA:38,3,0,0
BRDA:38,3,1,0
BRDA:40,4,0,0
BRDA:40,4,1,0
BRDA:42,5,0,0
BRDA:42,5,1,0
BRDA:49,6,0,0
BRDA:49,6,1,0
BRDA:8,7,0,3
BRDA:8,7,1,0
BRF:14
BRH:1
end_of_record
TN:
SF:src/core/timer/timer.ts
FN:3,(anonymous_114)
FN:5,(anonymous_115)
FN:16,Timer
FN:32,(anonymous_117)
FN:45,(anonymous_118)
FN:49,(anonymous_119)
FN:53,(anonymous_120)
FN:60,(anonymous_121)
FN:65,(anonymous_122)
FN:69,(anonymous_123)
FNF:10
FNH:2
FNDA:3,(anonymous_114)
FNDA:3,(anonymous_115)
FNDA:0,Timer
FNDA:0,(anonymous_117)
FNDA:0,(anonymous_118)
FNDA:0,(anonymous_119)
FNDA:0,(anonymous_120)
FNDA:0,(anonymous_121)
FNDA:0,(anonymous_122)
FNDA:0,(anonymous_123)
DA:3,6
DA:5,3
DA:8,0
DA:9,0
DA:10,0
DA:14,0
DA:16,3
DA:17,0
DA:18,0
DA:19,0
DA:20,0
DA:21,0
DA:22,0
DA:23,0
DA:24,0
DA:25,0
DA:26,0
DA:27,0
DA:29,0
DA:32,3
DA:33,0
DA:34,0
DA:35,0
DA:36,0
DA:37,0
DA:38,0
DA:39,0
DA:45,3
DA:46,0
DA:49,3
DA:50,0
DA:53,3
DA:54,0
DA:55,0
DA:56,0
DA:60,3
DA:61,0
DA:62,0
DA:65,3
DA:69,3
DA:72,3
LF:41
LH:11
BRDA:16,1,0,0
BRDA:16,1,1,0
BRDA:16,2,0,0
BRDA:16,2,1,0
BRDA:16,3,0,0
BRDA:16,3,1,0
BRDA:26,4,0,0
BRDA:26,4,1,0
BRDA:33,5,0,0
BRDA:33,5,1,0
BRDA:35,6,0,0
BRDA:35,6,1,0
BRDA:38,7,0,0
BRDA:38,7,1,0
BRDA:45,8,0,0
BRDA:45,8,1,0
BRDA:55,9,0,0
BRDA:55,9,1,0
BRDA:3,10,0,3
BRDA:3,10,1,0
BRF:20
BRH:1
end_of_record
TN:
SF:src/core/states/state.ts
FN:3,(anonymous_124)
FN:4,(anonymous_125)
FN:15,State
FN:32,(anonymous_127)
FN:41,(anonymous_128)
FN:52,(anonymous_129)
FN:59,(anonymous_130)
FN:68,(anonymous_131)
FN:81,(anonymous_132)
FN:90,(anonymous_133)
FN:104,(anonymous_134)
FNF:11
FNH:2
FNDA:3,(anonymous_124)
FNDA:3,(anonymous_125)
FNDA:0,State
FNDA:0,(anonymous_127)
FNDA:0,(anonymous_128)
FNDA:0,(anonymous_129)
FNDA:0,(anonymous_130)
FNDA:0,(anonymous_131)
FNDA:0,(anonymous_132)
FNDA:0,(anonymous_133)
FNDA:0,(anonymous_134)
DA:3,6
DA:4,3
DA:15,3
DA:17,0
DA:18,0
DA:19,0
DA:20,0
DA:21,0
DA:22,0
DA:32,3
DA:33,0
DA:41,3
DA:42,0
DA:43,0
DA:52,3
DA:59,3
DA:68,3
DA:69,0
DA:70,0
DA:73,0
DA:81,3
DA:82,0
DA:90,3
DA:92,0
DA:94,0
DA:96,0
DA:104,3
DA:105,0
DA:107,3
LF:29
LH:12
BRDA:16,1,0,0
BRDA:16,1,1,0
BRDA:42,2,0,0
BRDA:42,2,1,0
BRDA:59,3,0,0
BRDA:59,3,1,0
BRDA:3,4,0,3
BRDA:3,4,1,0
BRF:8
BRH:1
end_of_record
TN:
SF:src/core/states/stateManager.ts
FN:3,(anonymous_135)
FN:4,(anonymous_136)
FN:15,StateManager
FN:24,(anonymous_138)
FN:38,(anonymous_139)
FN:47,(anonymous_140)
FN:63,(anonymous_141)
FN:76,(anonymous_142)
FN:86,(anonymous_143)
FN:99,(anonymous_144)
FN:129,(anonymous_145)
FN:157,(anonymous_146)
FN:187,(anonymous_147)
FN:205,(anonymous_148)
FN:225,(anonymous_149)
FN:236,(anonymous_150)
FN:252,(anonymous_151)
FNF:17
FNH:2
FNDA:3,(anonymous_135)
FNDA:3,(anonymous_136)
FNDA:0,StateManager
FNDA:0,(anonymous_138)
FNDA:0,(anonymous_139)
FNDA:0,(anonymous_140)
FNDA:0,(anonymous_141)
FNDA:0,(anonymous_142)
FNDA:0,(anonymous_143)
FNDA:0,(anonymous_144)
FNDA:0,(anonymous_145)
FNDA:0,(anonymous_146)
FNDA:0,(anonymous_147)
FNDA:0,(anonymous_148)
FNDA:0,(anonymous_149)
FNDA:0,(anonymous_150)
FNDA:0,(anonymous_151)
DA:3,6
DA:4,3
DA:15,3
DA:16,0
DA:17,0
DA:18,0
DA:24,3
DA:25,0
DA:26,0
DA:38,3
DA:39,0
DA:40,0
DA:41,0
DA:47,3
DA:48,0
DA:49,0
DA:50,0
DA:51,0
DA:52,0
DA:63,3
DA:64,0
DA:65,0
DA:66,0
DA:76,3
DA:77,0
DA:78,0
DA:79,0
DA:86,3
DA:99,3
DA:100,0
DA:101,0
DA:104,0
DA:107,0
DA:108,0
DA:109,0
DA:110,0
DA:112,0
DA:115,0
DA:117,0
DA:129,3
DA:130,0
DA:131,0
DA:132,0
DA:133,0
DA:134,0
DA:135,0
DA:136,0
DA:137,0
DA:138,0
DA:139,0
DA:141,0
DA:144,0
DA:157,3
DA:159,0
DA:162,0
DA:163,0
DA:164,0
DA:165,0
DA:168,0
DA:171,0
DA:174,0
DA:176,0
DA:187,3
DA:188,0
DA:189,0
DA:190,0
DA:191,0
DA:192,0
DA:193,0
DA:194,0
DA:195,0
DA:205,3
DA:206,0
DA:207,0
DA:208,0
DA:209,0
DA:213,0
DA:214,0
DA:215,0
DA:217,0
DA:225,3
DA:236,3
DA:237,0
DA:238,0
DA:239,0
DA:242,0
DA:252,3
DA:253,0
DA:254,0
DA:255,0
DA:256,0
DA:258,0
DA:260,0
DA:262,3
LF:94
LH:18
BRDA:47,1,0,0
BRDA:47,1,1,0
BRDA:51,2,0,0
BRDA:51,2,1,0
BRDA:129,3,0,0
BRDA:129,3,1,0
BRDA:129,4,0,0
BRDA:129,4,1,0
BRDA:136,5,0,0
BRDA:136,5,1,0
BRDA:138,6,0,0
BRDA:138,6,1,0
BRDA:208,7,0,0
BRDA:208,7,1,0
BRDA:213,8,0,0
BRDA:213,8,1,0
BRDA:238,9,0,0
BRDA:238,9,1,0
BRDA:255,10,0,0
BRDA:255,10,1,0
BRDA:3,11,0,3
BRDA:3,11,1,0
BRF:22
BRH:1
end_of_record
TN:
SF:src/core/physics/physicsManager.ts
FN:3,(anonymous_152)
FN:4,(anonymous_153)
FN:11,PhysicsManager
FN:16,(anonymous_155)
FN:22,(anonymous_156)
FN:26,(anonymous_157)
FN:53,(anonymous_158)
FN:57,(anonymous_159)
FNF:8
FNH:2
FNDA:3,(anonymous_152)
FNDA:3,(anonymous_153)
FNDA:0,PhysicsManager
FNDA:0,(anonymous_155)
FNDA:0,(anonymous_156)
FNDA:0,(anonymous_157)
FNDA:0,(anonymous_158)
FNDA:0,(anonymous_159)
DA:3,6
DA:4,3
DA:11,3
DA:12,0
DA:13,0
DA:16,3
DA:17,0
DA:22,3
DA:23,0
DA:26,3
DA:27,0
DA:28,0
DA:29,0
DA:30,0
DA:32,0
DA:33,0
DA:36,0
DA:37,0
DA:38,0
DA:41,0
DA:42,0
DA:43,0
DA:46,0
DA:47,0
DA:48,0
DA:50,0
DA:53,3
DA:54,0
DA:57,3
DA:58,0
DA:60,3
LF:31
LH:9
BRDA:17,1,0,0
BRDA:17,1,1,0
BRDA:3,2,0,3
BRDA:3,2,1,0
BRF:4
BRH:1
end_of_record
TN:
SF:src/controllers/input/input.ts
FN:3,(anonymous_160)
FN:4,(anonymous_161)
FN:8,Input
FN:16,(anonymous_163)
FN:24,(anonymous_164)
FN:39,(anonymous_165)
FN:51,(anonymous_166)
FN:63,(anonymous_167)
FN:74,(anonymous_168)
FN:85,(anonymous_169)
FN:96,(anonymous_170)
FN:104,(anonymous_171)
FN:112,(anonymous_172)
FN:120,(anonymous_173)
FN:129,(anonymous_174)
FNF:15
FNH:2
FNDA:3,(anonymous_160)
FNDA:3,(anonymous_161)
FNDA:0,Input
FNDA:0,(anonymous_163)
FNDA:0,(anonymous_164)
FNDA:0,(anonymous_165)
FNDA:0,(anonymous_166)
FNDA:0,(anonymous_167)
FNDA:0,(anonymous_168)
FNDA:0,(anonymous_169)
FNDA:0,(anonymous_170)
FNDA:0,(anonymous_171)
FNDA:0,(anonymous_172)
FNDA:0,(anonymous_173)
FNDA:0,(anonymous_174)
DA:3,6
DA:4,3
DA:8,3
DA:9,0
DA:16,3
DA:17,0
DA:24,3
DA:25,0
DA:26,0
DA:27,0
DA:28,0
DA:30,0
DA:31,0
DA:39,3
DA:40,0
DA:41,0
DA:42,0
DA:43,0
DA:51,3
DA:52,0
DA:53,0
DA:54,0
DA:55,0
DA:63,3
DA:64,0
DA:65,0
DA:66,0
DA:74,3
DA:75,0
DA:76,0
DA:77,0
DA:85,3
DA:86,0
DA:87,0
DA:88,0
DA:96,3
DA:97,0
DA:104,3
DA:105,0
DA:112,3
DA:113,0
DA:120,3
DA:121,0
DA:129,3
DA:130,0
DA:132,3
LF:46
LH:16
BRDA:27,1,0,0
BRDA:27,1,1,0
BRDA:30,2,0,0
BRDA:30,2,1,0
BRDA:42,3,0,0
BRDA:42,3,1,0
BRDA:54,4,0,0
BRDA:54,4,1,0
BRDA:65,5,0,0
BRDA:65,5,1,0
BRDA:76,6,0,0
BRDA:76,6,1,0
BRDA:87,7,0,0
BRDA:87,7,1,0
BRDA:3,8,0,3
BRDA:3,8,1,0
BRF:16
BRH:1
end_of_record
TN:
SF:src/display/displayObject.ts
FN:3,(anonymous_175)
FN:4,(anonymous_176)
FN:6,DisplayObject
FNF:3
FNH:2
FNDA:3,(anonymous_175)
FNDA:3,(anonymous_176)
FNDA:0,DisplayObject
DA:3,6
DA:4,3
DA:6,3
DA:9,3
LF:4
LH:4
BRDA:7,1,0,0
BRDA:7,1,1,0
BRDA:3,2,0,3
BRDA:3,2,1,0
BRF:4
BRH:1
end_of_record
TN:
SF:src/display/texture.ts
FN:3,(anonymous_178)
FN:4,(anonymous_179)
FNF:2
FNH:2
FNDA:3,(anonymous_178)
FNDA:3,(anonymous_179)
DA:3,6
DA:4,6
DA:6,3
LF:3
LH:3
BRDA:3,1,0,3
BRDA:3,1,1,0
BRF:2
BRH:1
end_of_record
TN:
SF:src/display/graphics.ts
FN:3,(anonymous_181)
FN:4,(anonymous_182)
FN:6,Graphics
FN:13,(anonymous_184)
FNF:4
FNH:2
FNDA:3,(anonymous_181)
FNDA:3,(anonymous_182)
FNDA:0,Graphics
FNDA:0,(anonymous_184)
DA:3,6
DA:4,3
DA:6,3
DA:13,3
DA:14,0
DA:15,0
DA:18,3
LF:7
LH:5
BRDA:7,1,0,0
BRDA:7,1,1,0
BRDA:3,2,0,3
BRDA:3,2,1,0
BRF:4
BRH:1
end_of_record
TN:
SF:src/display/sprite.ts
FN:3,(anonymous_185)
FN:4,(anonymous_186)
FN:15,Sprite
FN:20,(anonymous_188)
FN:28,(anonymous_189)
FN:39,(anonymous_190)
FN:48,(anonymous_191)
FN:63,(anonymous_192)
FN:56,(anonymous_193)
FN:70,(anonymous_194)
FN:76,(anonymous_195)
FN:84,(anonymous_196)
FN:88,(anonymous_197)
FN:92,(anonymous_198)
FN:96,(anonymous_199)
FN:105,(anonymous_200)
FN:117,(anonymous_201)
FN:122,(anonymous_202)
FN:129,(anonymous_203)
FNF:19
FNH:2
FNDA:3,(anonymous_185)
FNDA:3,(anonymous_186)
FNDA:0,Sprite
FNDA:0,(anonymous_188)
FNDA:0,(anonymous_189)
FNDA:0,(anonymous_190)
FNDA:0,(anonymous_191)
FNDA:0,(anonymous_192)
FNDA:0,(anonymous_193)
FNDA:0,(anonymous_194)
FNDA:0,(anonymous_195)
FNDA:0,(anonymous_196)
FNDA:0,(anonymous_197)
FNDA:0,(anonymous_198)
FNDA:0,(anonymous_199)
FNDA:0,(anonymous_200)
FNDA:0,(anonymous_201)
FNDA:0,(anonymous_202)
FNDA:0,(anonymous_203)
DA:3,6
DA:4,3
DA:15,3
DA:17,0
DA:20,3
DA:21,0
DA:22,0
DA:28,3
DA:29,0
DA:39,3
DA:40,0
DA:48,3
DA:49,0
DA:50,0
DA:56,3
DA:57,0
DA:64,0
DA:70,3
DA:71,0
DA:72,0
DA:76,3
DA:77,0
DA:80,0
DA:81,0
DA:84,0
DA:85,0
DA:88,0
DA:89,0
DA:92,0
DA:93,0
DA:96,0
DA:97,0
DA:105,3
DA:106,0
DA:107,0
DA:108,0
DA:109,0
DA:111,0
DA:113,0
DA:114,0
DA:117,3
DA:118,0
DA:119,0
DA:122,3
DA:123,0
DA:129,3
DA:130,0
DA:132,3
LF:48
LH:15
BRDA:15,1,0,0
BRDA:15,1,1,0
BRDA:16,2,0,0
BRDA:16,2,1,0
BRDA:29,3,0,0
BRDA:29,3,1,0
BRDA:39,4,0,0
BRDA:39,4,1,0
BRDA:48,5,0,0
BRDA:48,5,1,0
BRDA:76,6,0,0
BRDA:76,6,1,0
BRDA:80,7,0,0
BRDA:80,7,1,0
BRDA:106,8,0,0
BRDA:106,8,1,0
BRDA:3,9,0,3
BRDA:3,9,1,0
BRF:18
BRH:1
end_of_record
TN:
SF:src/display/group.ts
FN:3,(anonymous_204)
FN:4,(anonymous_205)
FN:8,Group
FN:16,(anonymous_207)
FNF:4
FNH:2
FNDA:3,(anonymous_204)
FNDA:3,(anonymous_205)
FNDA:0,Group
FNDA:0,(anonymous_207)
DA:3,6
DA:4,3
DA:8,3
DA:10,0
DA:16,3
DA:17,0
DA:18,0
DA:21,3
LF:8
LH:5
BRDA:9,1,0,0
BRDA:9,1,1,0
BRDA:3,2,0,3
BRDA:3,2,1,0
BRF:4
BRH:1
end_of_record
TN:
SF:src/display/hud.ts
FN:7,(anonymous_208)
FN:8,(anonymous_209)
FN:12,HUD
FNF:3
FNH:2
FNDA:3,(anonymous_208)
FNDA:3,(anonymous_209)
FNDA:0,HUD
DA:7,6
DA:8,3
DA:12,3
DA:14,0
DA:16,3
LF:5
LH:4
BRDA:13,1,0,0
BRDA:13,1,1,0
BRDA:7,2,0,3
BRDA:7,2,1,0
BRF:4
BRH:1
end_of_record
TN:
SF:src/display/bitmapText.ts
FN:3,(anonymous_211)
FN:4,(anonymous_212)
FN:19,(anonymous_214)
FNF:3
FNH:2
FNDA:3,(anonymous_211)
FNDA:3,(anonymous_212)
FNDA:0,(anonymous_214)
DA:3,6
DA:4,6
DA:19,3
DA:20,0
DA:21,0
DA:23,3
LF:6
LH:4
BRDA:3,1,0,3
BRDA:3,1,1,0
BRF:2
BRH:1
end_of_record
TN:
SF:src/display/geometry.ts
FN:10,(anonymous_215)
FN:11,(anonymous_216)
FN:20,(anonymous_218)
FN:36,(anonymous_219)
FN:52,(anonymous_220)
FN:69,(anonymous_221)
FN:107,(anonymous_222)
FN:125,(anonymous_223)
FNF:8
FNH:2
FNDA:3,(anonymous_215)
FNDA:3,(anonymous_216)
FNDA:0,(anonymous_218)
FNDA:0,(anonymous_219)
FNDA:0,(anonymous_220)
FNDA:0,(anonymous_221)
FNDA:0,(anonymous_222)
FNDA:0,(anonymous_223)
DA:10,6
DA:11,6
DA:20,3
DA:21,0
DA:22,0
DA:23,0
DA:24,0
DA:25,0
DA:36,3
DA:37,0
DA:38,0
DA:39,0
DA:40,0
DA:41,0
DA:52,3
DA:53,0
DA:54,0
DA:55,0
DA:56,0
DA:57,0
DA:69,3
DA:70,0
DA:71,0
DA:73,0
DA:74,0
DA:75,0
DA:77,0
DA:78,0
DA:79,0
DA:80,0
DA:81,0
DA:82,0
DA:83,0
DA:84,0
DA:85,0
DA:87,0
DA:88,0
DA:89,0
DA:90,0
DA:91,0
DA:92,0
DA:93,0
DA:94,0
DA:95,0
DA:97,0
DA:107,3
DA:109,0
DA:110,0
DA:111,0
DA:112,0
DA:113,0
DA:114,0
DA:125,3
DA:126,0
DA:127,0
DA:128,0
DA:129,0
DA:130,0
DA:131,0
DA:132,0
DA:133,0
DA:135,3
LF:62
LH:9
BRDA:125,1,0,0
BRDA:125,1,1,0
BRDA:10,2,0,3
BRDA:10,2,1,0
BRF:4
BRH:1
end_of_record
TN:
SF:src/display/hitarea.ts
FN:3,(anonymous_224)
FN:4,(anonymous_225)
FN:14,HitArea
FN:24,(anonymous_227)
FN:28,(anonymous_228)
FN:36,(anonymous_229)
FN:44,(anonymous_230)
FN:59,(anonymous_231)
FN:71,(anonymous_232)
FN:83,(anonymous_233)
FN:94,(anonymous_234)
FN:105,(anonymous_235)
FN:116,(anonymous_236)
FN:124,(anonymous_237)
FN:132,(anonymous_238)
FN:140,(anonymous_239)
FN:149,(anonymous_240)
FNF:17
FNH:2
FNDA:3,(anonymous_224)
FNDA:3,(anonymous_225)
FNDA:0,HitArea
FNDA:0,(anonymous_227)
FNDA:0,(anonymous_228)
FNDA:0,(anonymous_229)
FNDA:0,(anonymous_230)
FNDA:0,(anonymous_231)
FNDA:0,(anonymous_232)
FNDA:0,(anonymous_233)
FNDA:0,(anonymous_234)
FNDA:0,(anonymous_235)
FNDA:0,(anonymous_236)
FNDA:0,(anonymous_237)
FNDA:0,(anonymous_238)
FNDA:0,(anonymous_239)
FNDA:0,(anonymous_240)
DA:3,6
DA:4,3
DA:14,3
DA:16,0
DA:17,0
DA:18,0
DA:19,0
DA:20,0
DA:21,0
DA:24,3
DA:28,3
DA:36,3
DA:37,0
DA:44,3
DA:45,0
DA:46,0
DA:47,0
DA:48,0
DA:50,0
DA:51,0
DA:59,3
DA:60,0
DA:61,0
DA:62,0
DA:63,0
DA:71,3
DA:72,0
DA:73,0
DA:74,0
DA:75,0
DA:83,3
DA:84,0
DA:85,0
DA:86,0
DA:94,3
DA:95,0
DA:96,0
DA:97,0
DA:105,3
DA:106,0
DA:107,0
DA:108,0
DA:116,3
DA:117,0
DA:124,3
DA:125,0
DA:132,3
DA:133,0
DA:140,3
DA:141,0
DA:149,3
DA:150,0
DA:152,3
LF:53
LH:18
BRDA:15,1,0,0
BRDA:15,1,1,0
BRDA:47,2,0,0
BRDA:47,2,1,0
BRDA:50,3,0,0
BRDA:50,3,1,0
BRDA:62,4,0,0
BRDA:62,4,1,0
BRDA:74,5,0,0
BRDA:74,5,1,0
BRDA:85,6,0,0
BRDA:85,6,1,0
BRDA:96,7,0,0
BRDA:96,7,1,0
BRDA:107,8,0,0
BRDA:107,8,1,0
BRDA:3,9,0,3
BRDA:3,9,1,0
BRF:18
BRH:1
end_of_record
TN:
SF:src/display/button.ts
FN:3,(anonymous_241)
FN:4,(anonymous_242)
FN:14,Button
FN:22,(anonymous_244)
FN:33,(anonymous_245)
FN:42,(anonymous_246)
FNF:6
FNH:2
FNDA:3,(anonymous_241)
FNDA:3,(anonymous_242)
FNDA:0,Button
FNDA:0,(anonymous_244)
FNDA:0,(anonymous_245)
FNDA:0,(anonymous_246)
DA:3,6
DA:4,3
DA:7,0
DA:14,3
DA:16,0
DA:17,0
DA:22,3
DA:23,0
DA:24,0
DA:25,0
DA:33,3
DA:34,0
DA:35,0
DA:36,0
DA:42,3
DA:43,0
DA:45,3
LF:17
LH:7
BRDA:14,1,0,0
BRDA:14,1,1,0
BRDA:15,2,0,0
BRDA:15,2,1,0
BRDA:33,3,0,0
BRDA:33,3,1,0
BRDA:3,4,0,3
BRDA:3,4,1,0
BRF:8
BRH:1
end_of_record
TN:
SF:src/particleEmitter/particleBase.ts
FN:3,(anonymous_247)
FN:4,(anonymous_248)
FN:33,ParticleBase
FN:37,(anonymous_250)
FN:83,(anonymous_251)
FNF:5
FNH:2
FNDA:3,(anonymous_247)
FNDA:3,(anonymous_248)
FNDA:0,ParticleBase
FNDA:0,(anonymous_250)
FNDA:0,(anonymous_251)
DA:3,6
DA:4,3
DA:13,0
DA:15,0
DA:16,0
DA:17,0
DA:18,0
DA:20,0
DA:21,0
DA:22,0
DA:24,0
DA:25,0
DA:26,0
DA:27,0
DA:28,0
DA:33,3
DA:37,3
DA:38,0
DA:39,0
DA:40,0
DA:43,0
DA:44,0
DA:45,0
DA:46,0
DA:51,0
DA:52,0
DA:53,0
DA:54,0
DA:59,0
DA:60,0
DA:64,0
DA:65,0
DA:66,0
DA:70,0
DA:71,0
DA:74,0
DA:75,0
DA:77,0
DA:78,0
DA:79,0
DA:83,3
DA:85,0
DA:86,0
DA:87,0
DA:90,0
DA:91,0
DA:92,0
DA:93,0
DA:96,0
DA:130,0
DA:132,0
DA:133,0
DA:135,0
DA:138,0
DA:139,0
DA:141,0
DA:145,3
LF:57
LH:6
BRDA:34,1,0,0
BRDA:34,1,1,0
BRDA:38,2,0,0
BRDA:38,2,1,0
BRDA:43,3,0,0
BRDA:43,3,1,0
BRDA:44,4,0,0
BRDA:44,4,1,0
BRDA:44,5,0,0
BRDA:44,5,1,0
BRDA:44,5,2,0
BRDA:44,5,3,0
BRDA:51,6,0,0
BRDA:51,6,1,0
BRDA:53,7,0,0
BRDA:53,7,1,0
BRDA:59,8,0,0
BRDA:59,8,1,0
BRDA:64,9,0,0
BRDA:64,9,1,0
BRDA:77,10,0,0
BRDA:77,10,1,0
BRDA:85,11,0,0
BRDA:85,11,1,0
BRDA:132,12,0,0
BRDA:132,12,1,0
BRDA:138,13,0,0
BRDA:138,13,1,0
BRDA:3,14,0,3
BRDA:3,14,1,0
BRF:30
BRH:1
end_of_record
TN:
SF:src/particleEmitter/particle.ts
FN:3,(anonymous_252)
FN:4,(anonymous_253)
FN:6,Particle
FN:22,(anonymous_255)
FN:28,(anonymous_256)
FN:38,(anonymous_257)
FN:44,(anonymous_258)
FN:51,(anonymous_259)
FN:61,(anonymous_260)
FN:67,(anonymous_261)
FN:74,(anonymous_262)
FN:79,(anonymous_263)
FN:84,(anonymous_264)
FN:89,(anonymous_265)
FN:93,(anonymous_266)
FN:97,(anonymous_267)
FN:101,(anonymous_268)
FN:105,(anonymous_269)
FN:109,(anonymous_270)
FN:113,(anonymous_271)
FNF:20
FNH:2
FNDA:3,(anonymous_252)
FNDA:3,(anonymous_253)
FNDA:0,Particle
FNDA:0,(anonymous_255)
FNDA:0,(anonymous_256)
FNDA:0,(anonymous_257)
FNDA:0,(anonymous_258)
FNDA:0,(anonymous_259)
FNDA:0,(anonymous_260)
FNDA:0,(anonymous_261)
FNDA:0,(anonymous_262)
FNDA:0,(anonymous_263)
FNDA:0,(anonymous_264)
FNDA:0,(anonymous_265)
FNDA:0,(anonymous_266)
FNDA:0,(anonymous_267)
FNDA:0,(anonymous_268)
FNDA:0,(anonymous_269)
FNDA:0,(anonymous_270)
FNDA:0,(anonymous_271)
DA:3,6
DA:4,3
DA:6,3
DA:8,0
DA:9,0
DA:10,0
DA:11,0
DA:12,0
DA:13,0
DA:14,0
DA:15,0
DA:16,0
DA:17,0
DA:22,3
DA:23,0
DA:24,0
DA:28,3
DA:30,0
DA:31,0
DA:35,0
DA:38,3
DA:39,0
DA:40,0
DA:44,3
DA:45,0
DA:46,0
DA:48,0
DA:51,3
DA:52,0
DA:53,0
DA:54,0
DA:56,0
DA:57,0
DA:58,0
DA:61,3
DA:62,0
DA:63,0
DA:64,0
DA:67,3
DA:68,0
DA:69,0
DA:70,0
DA:71,0
DA:74,3
DA:75,0
DA:76,0
DA:79,3
DA:80,0
DA:81,0
DA:84,3
DA:85,0
DA:86,0
DA:89,3
DA:90,0
DA:93,3
DA:94,0
DA:97,3
DA:98,0
DA:101,3
DA:102,0
DA:105,3
DA:106,0
DA:109,3
DA:110,0
DA:114,0
DA:116,3
LF:66
LH:20
BRDA:7,1,0,0
BRDA:7,1,1,0
BRDA:23,2,0,0
BRDA:23,2,1,0
BRDA:30,3,0,0
BRDA:30,3,1,0
BRDA:39,4,0,0
BRDA:39,4,1,0
BRDA:53,5,0,0
BRDA:53,5,1,0
BRDA:3,6,0,3
BRDA:3,6,1,0
BRF:12
BRH:1
end_of_record
TN:
SF:src/particleEmitter/particleEmitter.ts
FN:10,(anonymous_272)
FN:12,(anonymous_273)
FN:55,ParticleEmitter
FN:89,(anonymous_275)
FN:109,(anonymous_276)
FN:122,(anonymous_277)
FN:128,(anonymous_278)
FN:138,(anonymous_279)
FN:149,(anonymous_280)
FN:242,(anonymous_281)
FN:246,(anonymous_282)
FN:253,(anonymous_283)
FN:259,(anonymous_284)
FN:271,(anonymous_285)
FN:307,(anonymous_286)
FN:315,(anonymous_287)
FN:323,(anonymous_288)
FN:327,(anonymous_289)
FN:331,(anonymous_290)
FN:335,(anonymous_291)
FN:344,(anonymous_292)
FN:349,(anonymous_293)
FN:356,(anonymous_294)
FN:360,(anonymous_295)
FN:364,(anonymous_296)
FN:368,(anonymous_297)
FN:372,(anonymous_298)
FN:376,(anonymous_299)
FN:380,(anonymous_300)
FN:384,(anonymous_301)
FN:388,(anonymous_302)
FN:392,(anonymous_303)
FN:396,(anonymous_304)
FN:400,(anonymous_305)
FN:404,(anonymous_306)
FN:412,(anonymous_307)
FN:416,(anonymous_308)
FN:420,(anonymous_309)
FNF:38
FNH:2
FNDA:3,(anonymous_272)
FNDA:3,(anonymous_273)
FNDA:0,ParticleEmitter
FNDA:0,(anonymous_275)
FNDA:0,(anonymous_276)
FNDA:0,(anonymous_277)
FNDA:0,(anonymous_278)
FNDA:0,(anonymous_279)
FNDA:0,(anonymous_280)
FNDA:0,(anonymous_281)
FNDA:0,(anonymous_282)
FNDA:0,(anonymous_283)
FNDA:0,(anonymous_284)
FNDA:0,(anonymous_285)
FNDA:0,(anonymous_286)
FNDA:0,(anonymous_287)
FNDA:0,(anonymous_288)
FNDA:0,(anonymous_289)
FNDA:0,(anonymous_290)
FNDA:0,(anonymous_291)
FNDA:0,(anonymous_292)
FNDA:0,(anonymous_293)
FNDA:0,(anonymous_294)
FNDA:0,(anonymous_295)
FNDA:0,(anonymous_296)
FNDA:0,(anonymous_297)
FNDA:0,(anonymous_298)
FNDA:0,(anonymous_299)
FNDA:0,(anonymous_300)
FNDA:0,(anonymous_301)
FNDA:0,(anonymous_302)
FNDA:0,(anonymous_303)
FNDA:0,(anonymous_304)
FNDA:0,(anonymous_305)
FNDA:0,(anonymous_306)
FNDA:0,(anonymous_307)
FNDA:0,(anonymous_308)
FNDA:0,(anonymous_309)
DA:10,6
DA:12,3
DA:17,0
DA:25,0
DA:26,0
DA:27,0
DA:28,0
DA:29,0
DA:30,0
DA:35,0
DA:37,0
DA:38,0
DA:39,0
DA:40,0
DA:41,0
DA:43,0
DA:44,0
DA:45,0
DA:46,0
DA:48,0
DA:49,0
DA:50,0
DA:55,3
DA:57,0
DA:58,0
DA:59,0
DA:60,0
DA:61,0
DA:62,0
DA:64,0
DA:66,0
DA:67,0
DA:68,0
DA:69,0
DA:70,0
DA:71,0
DA:72,0
DA:74,0
DA:75,0
DA:77,0
DA:78,0
DA:79,0
DA:80,0
DA:81,0
DA:82,0
DA:83,0
DA:84,0
DA:85,0
DA:86,0
DA:89,3
DA:90,0
DA:92,0
DA:93,0
DA:97,0
DA:98,0
DA:99,0
DA:103,0
DA:104,0
DA:105,0
DA:109,3
DA:110,0
DA:112,0
DA:115,0
DA:122,3
DA:123,0
DA:124,0
DA:128,3
DA:129,0
DA:130,0
DA:132,0
DA:133,0
DA:134,0
DA:138,3
DA:139,0
DA:140,0
DA:143,0
DA:144,0
DA:149,3
DA:151,0
DA:153,0
DA:155,0
DA:158,0
DA:159,0
DA:160,0
DA:161,0
DA:162,0
DA:163,0
DA:166,0
DA:170,0
DA:173,0
DA:174,0
DA:175,0
DA:176,0
DA:179,0
DA:180,0
DA:181,0
DA:184,0
DA:185,0
DA:188,0
DA:189,0
DA:190,0
DA:194,0
DA:195,0
DA:198,0
DA:199,0
DA:203,0
DA:204,0
DA:205,0
DA:209,0
DA:210,0
DA:211,0
DA:215,0
DA:216,0
DA:217,0
DA:221,0
DA:222,0
DA:228,0
DA:231,0
DA:232,0
DA:234,0
DA:235,0
DA:239,0
DA:242,3
DA:243,0
DA:246,3
DA:247,0
DA:253,3
DA:254,0
DA:255,0
DA:259,3
DA:260,0
DA:261,0
DA:262,0
DA:263,0
DA:265,0
DA:267,0
DA:268,0
DA:271,3
DA:272,0
DA:273,0
DA:275,0
DA:276,0
DA:277,0
DA:278,0
DA:280,0
DA:281,0
DA:282,0
DA:284,0
DA:287,0
DA:288,0
DA:290,0
DA:293,0
DA:294,0
DA:296,0
DA:297,0
DA:299,0
DA:300,0
DA:302,0
DA:303,0
DA:305,0
DA:307,0
DA:308,0
DA:309,0
DA:310,0
DA:311,0
DA:315,3
DA:316,0
DA:319,0
DA:320,0
DA:323,0
DA:324,0
DA:327,0
DA:328,0
DA:331,0
DA:332,0
DA:335,0
DA:336,0
DA:344,3
DA:345,0
DA:346,0
DA:349,3
DA:350,0
DA:356,3
DA:357,0
DA:360,3
DA:361,0
DA:364,3
DA:365,0
DA:368,3
DA:369,0
DA:372,3
DA:373,0
DA:376,3
DA:377,0
DA:380,3
DA:381,0
DA:384,3
DA:385,0
DA:388,3
DA:389,0
DA:392,3
DA:393,0
DA:396,3
DA:397,0
DA:400,3
DA:401,0
DA:404,3
DA:405,0
DA:406,0
DA:407,0
DA:409,0
DA:412,3
DA:413,0
DA:416,3
DA:417,0
DA:421,0
DA:423,3
LF:217
LH:33
BRDA:55,1,0,0
BRDA:55,1,1,0
BRDA:55,2,0,0
BRDA:55,2,1,0
BRDA:56,3,0,0
BRDA:56,3,1,0
BRDA:92,4,0,0
BRDA:92,4,1,0
BRDA:97,5,0,0
BRDA:97,5,1,0
BRDA:97,6,0,0
BRDA:97,6,1,0
BRDA:103,7,0,0
BRDA:103,7,1,0
BRDA:103,8,0,0
BRDA:103,8,1,0
BRDA:128,9,0,0
BRDA:128,9,1,0
BRDA:129,10,0,0
BRDA:129,10,1,0
BRDA:139,11,0,0
BRDA:139,11,1,0
BRDA:158,12,0,0
BRDA:158,12,1,0
BRDA:188,13,0,0
BRDA:188,13,1,0
BRDA:194,14,0,0
BRDA:194,14,1,0
BRDA:203,15,0,0
BRDA:203,15,1,0
BRDA:209,16,0,0
BRDA:209,16,1,0
BRDA:215,17,0,0
BRDA:215,17,1,0
BRDA:221,18,0,0
BRDA:221,18,1,0
BRDA:234,19,0,0
BRDA:234,19,1,0
BRDA:260,20,0,0
BRDA:260,20,1,0
BRDA:271,21,0,0
BRDA:271,21,1,0
BRDA:271,22,0,0
BRDA:271,22,1,0
BRDA:271,23,0,0
BRDA:271,23,1,0
BRDA:281,24,0,0
BRDA:281,24,1,0
BRDA:287,25,0,0
BRDA:287,25,1,0
BRDA:315,26,0,0
BRDA:315,26,1,0
BRDA:319,27,0,0
BRDA:319,27,1,0
BRDA:360,28,0,0
BRDA:360,28,1,0
BRDA:364,29,0,0
BRDA:364,29,1,0
BRDA:372,30,0,0
BRDA:372,30,1,0
BRDA:372,31,0,0
BRDA:372,31,1,0
BRDA:376,32,0,0
BRDA:376,32,1,0
BRDA:380,33,0,0
BRDA:380,33,1,0
BRDA:380,34,0,0
BRDA:380,34,1,0
BRDA:384,35,0,0
BRDA:384,35,1,0
BRDA:388,36,0,0
BRDA:388,36,1,0
BRDA:388,37,0,0
BRDA:388,37,1,0
BRDA:392,38,0,0
BRDA:392,38,1,0
BRDA:396,39,0,0
BRDA:396,39,1,0
BRDA:407,40,0,0
BRDA:407,40,1,0
BRDA:10,41,0,3
BRDA:10,41,1,0
BRF:82
BRH:1
end_of_record
TN:
SF:src/parallax/parallax.ts
FN:12,(anonymous_310)
FN:13,(anonymous_311)
FN:35,Parallax
FN:48,(anonymous_313)
FN:65,(anonymous_314)
FN:92,(anonymous_315)
FN:105,(anonymous_316)
FN:116,(anonymous_317)
FN:124,(anonymous_318)
FN:134,(anonymous_319)
FN:138,(anonymous_320)
FN:149,(anonymous_321)
FN:159,(anonymous_322)
FN:169,(anonymous_323)
FN:193,(anonymous_324)
FN:201,(anonymous_325)
FNF:16
FNH:2
FNDA:3,(anonymous_310)
FNDA:3,(anonymous_311)
FNDA:0,Parallax
FNDA:0,(anonymous_313)
FNDA:0,(anonymous_314)
FNDA:0,(anonymous_315)
FNDA:0,(anonymous_316)
FNDA:0,(anonymous_317)
FNDA:0,(anonymous_318)
FNDA:0,(anonymous_319)
FNDA:0,(anonymous_320)
FNDA:0,(anonymous_321)
FNDA:0,(anonymous_322)
FNDA:0,(anonymous_323)
FNDA:0,(anonymous_324)
FNDA:0,(anonymous_325)
DA:12,6
DA:13,3
DA:19,0
DA:20,0
DA:21,0
DA:22,0
DA:23,0
DA:24,0
DA:25,0
DA:26,0
DA:27,0
DA:28,0
DA:35,3
DA:37,0
DA:38,0
DA:39,0
DA:40,0
DA:48,3
DA:49,0
DA:50,0
DA:51,0
DA:52,0
DA:54,0
DA:56,0
DA:57,0
DA:58,0
DA:59,0
DA:65,3
DA:66,0
DA:67,0
DA:69,0
DA:70,0
DA:71,0
DA:72,0
DA:75,0
DA:76,0
DA:77,0
DA:78,0
DA:81,0
DA:82,0
DA:83,0
DA:84,0
DA:85,0
DA:92,3
DA:93,0
DA:94,0
DA:95,0
DA:98,0
DA:105,3
DA:106,0
DA:107,0
DA:108,0
DA:116,3
DA:117,0
DA:124,3
DA:125,0
DA:126,0
DA:134,3
DA:135,0
DA:138,3
DA:139,0
DA:140,0
DA:149,3
DA:150,0
DA:151,0
DA:152,0
DA:159,3
DA:160,0
DA:169,3
DA:170,0
DA:171,0
DA:172,0
DA:173,0
DA:174,0
DA:175,0
DA:176,0
DA:177,0
DA:179,0
DA:180,0
DA:181,0
DA:182,0
DA:193,3
DA:194,0
DA:195,0
DA:201,3
DA:202,0
DA:204,3
LF:87
LH:17
BRDA:35,1,0,0
BRDA:35,1,1,0
BRDA:35,2,0,0
BRDA:35,2,1,0
BRDA:36,3,0,0
BRDA:36,3,1,0
BRDA:48,4,0,0
BRDA:48,4,1,0
BRDA:51,5,0,0
BRDA:51,5,1,0
BRDA:69,6,0,0
BRDA:69,6,1,0
BRDA:75,7,0,0
BRDA:75,7,1,0
BRDA:94,8,0,0
BRDA:94,8,1,0
BRDA:105,9,0,0
BRDA:105,9,1,0
BRDA:105,10,0,0
BRDA:105,10,1,0
BRDA:116,11,0,0
BRDA:116,11,1,0
BRDA:124,12,0,0
BRDA:124,12,1,0
BRDA:124,13,0,0
BRDA:124,13,1,0
BRDA:134,14,0,0
BRDA:134,14,1,0
BRDA:138,15,0,0
BRDA:138,15,1,0
BRDA:149,16,0,0
BRDA:149,16,1,0
BRDA:149,17,0,0
BRDA:149,17,1,0
BRDA:169,18,0,0
BRDA:169,18,1,0
BRDA:169,19,0,0
BRDA:169,19,1,0
BRDA:171,20,0,0
BRDA:171,20,1,0
BRDA:173,21,0,0
BRDA:173,21,1,0
BRDA:193,22,0,0
BRDA:193,22,1,0
BRDA:12,23,0,3
BRDA:12,23,1,0
BRF:46
BRH:1
end_of_record
TN:
SF:src/tweens/Easing.ts
FN:3,(anonymous_326)
FN:4,(anonymous_327)
FN:6,(anonymous_329)
FN:10,(anonymous_330)
FN:14,(anonymous_331)
FN:18,(anonymous_332)
FN:23,(anonymous_333)
FN:27,(anonymous_334)
FN:31,(anonymous_335)
FN:36,(anonymous_336)
FN:40,(anonymous_337)
FN:44,(anonymous_338)
FN:48,(anonymous_339)
FN:52,(anonymous_340)
FN:56,(anonymous_341)
FN:61,(anonymous_342)
FN:65,(anonymous_343)
FN:69,(anonymous_344)
FN:73,(anonymous_345)
FN:77,(anonymous_346)
FN:81,(anonymous_347)
FN:88,(anonymous_348)
FN:92,(anonymous_349)
FN:96,(anonymous_350)
FN:101,(anonymous_351)
FN:109,(anonymous_352)
FN:117,(anonymous_353)
FN:126,(anonymous_354)
FN:131,(anonymous_355)
FN:136,(anonymous_356)
FN:142,(anonymous_357)
FNF:31
FNH:2
FNDA:3,(anonymous_326)
FNDA:3,(anonymous_327)
FNDA:0,(anonymous_329)
FNDA:0,(anonymous_330)
FNDA:0,(anonymous_331)
FNDA:0,(anonymous_332)
FNDA:0,(anonymous_333)
FNDA:0,(anonymous_334)
FNDA:0,(anonymous_335)
FNDA:0,(anonymous_336)
FNDA:0,(anonymous_337)
FNDA:0,(anonymous_338)
FNDA:0,(anonymous_339)
FNDA:0,(anonymous_340)
FNDA:0,(anonymous_341)
FNDA:0,(anonymous_342)
FNDA:0,(anonymous_343)
FNDA:0,(anonymous_344)
FNDA:0,(anonymous_345)
FNDA:0,(anonymous_346)
FNDA:0,(anonymous_347)
FNDA:0,(anonymous_348)
FNDA:0,(anonymous_349)
FNDA:0,(anonymous_350)
FNDA:0,(anonymous_351)
FNDA:0,(anonymous_352)
FNDA:0,(anonymous_353)
FNDA:0,(anonymous_354)
FNDA:0,(anonymous_355)
FNDA:0,(anonymous_356)
FNDA:0,(anonymous_357)
DA:3,6
DA:4,6
DA:6,3
DA:7,0
DA:10,3
DA:11,0
DA:14,3
DA:15,0
DA:18,3
DA:19,0
DA:20,0
DA:23,3
DA:24,0
DA:27,3
DA:28,0
DA:31,3
DA:32,0
DA:33,0
DA:36,3
DA:37,0
DA:40,3
DA:41,0
DA:44,3
DA:45,0
DA:46,0
DA:48,3
DA:49,0
DA:52,3
DA:53,0
DA:56,3
DA:57,0
DA:58,0
DA:61,3
DA:62,0
DA:65,3
DA:66,0
DA:69,3
DA:70,0
DA:73,3
DA:74,0
DA:77,3
DA:78,0
DA:81,3
DA:82,0
DA:83,0
DA:84,0
DA:85,0
DA:88,3
DA:89,0
DA:92,3
DA:93,0
DA:96,3
DA:97,0
DA:98,0
DA:101,3
DA:102,0
DA:103,0
DA:104,0
DA:105,0
DA:106,0
DA:109,3
DA:110,0
DA:111,0
DA:112,0
DA:113,0
DA:114,0
DA:117,3
DA:118,0
DA:119,0
DA:120,0
DA:121,0
DA:122,0
DA:123,0
DA:126,3
DA:127,0
DA:128,0
DA:131,3
DA:132,0
DA:133,0
DA:136,3
DA:137,0
DA:138,0
DA:139,0
DA:142,3
DA:143,0
DA:144,0
DA:145,0
DA:146,0
DA:147,0
DA:148,0
DA:150,0
DA:153,3
LF:92
LH:32
BRDA:19,1,0,0
BRDA:19,1,1,0
BRDA:32,2,0,0
BRDA:32,2,1,0
BRDA:45,3,0,0
BRDA:45,3,1,0
BRDA:57,4,0,0
BRDA:57,4,1,0
BRDA:74,5,0,0
BRDA:74,5,1,0
BRDA:78,6,0,0
BRDA:78,6,1,0
BRDA:82,7,0,0
BRDA:82,7,1,0
BRDA:83,8,0,0
BRDA:83,8,1,0
BRDA:84,9,0,0
BRDA:84,9,1,0
BRDA:97,10,0,0
BRDA:97,10,1,0
BRDA:103,11,0,0
BRDA:103,11,1,0
BRDA:103,12,0,0
BRDA:103,12,1,0
BRDA:103,13,0,0
BRDA:103,13,1,0
BRDA:104,14,0,0
BRDA:104,14,1,0
BRDA:111,15,0,0
BRDA:111,15,1,0
BRDA:111,16,0,0
BRDA:111,16,1,0
BRDA:111,17,0,0
BRDA:111,17,1,0
BRDA:112,18,0,0
BRDA:112,18,1,0
BRDA:119,19,0,0
BRDA:119,19,1,0
BRDA:119,20,0,0
BRDA:119,20,1,0
BRDA:119,21,0,0
BRDA:119,21,1,0
BRDA:120,22,0,0
BRDA:120,22,1,0
BRDA:122,23,0,0
BRDA:122,23,1,0
BRDA:127,24,0,0
BRDA:127,24,1,0
BRDA:132,25,0,0
BRDA:132,25,1,0
BRDA:137,26,0,0
BRDA:137,26,1,0
BRDA:138,27,0,0
BRDA:138,27,1,0
BRDA:143,28,0,0
BRDA:143,28,1,0
BRDA:145,29,0,0
BRDA:145,29,1,0
BRDA:147,30,0,0
BRDA:147,30,1,0
BRDA:3,31,0,3
BRDA:3,31,1,0
BRF:62
BRH:1
end_of_record
TN:
SF:src/tweens/Events.ts
FN:3,(anonymous_358)
FN:4,(anonymous_359)
FN:13,Events
FN:23,(anonymous_361)
FN:39,(anonymous_362)
FN:50,(anonymous_363)
FN:61,(anonymous_364)
FN:75,(anonymous_365)
FN:92,(anonymous_366)
FN:99,(anonymous_367)
FN:111,(anonymous_368)
FN:119,(anonymous_369)
FN:132,(anonymous_370)
FNF:13
FNH:2
FNDA:3,(anonymous_358)
FNDA:3,(anonymous_359)
FNDA:0,Events
FNDA:0,(anonymous_361)
FNDA:0,(anonymous_362)
FNDA:0,(anonymous_363)
FNDA:0,(anonymous_364)
FNDA:0,(anonymous_365)
FNDA:0,(anonymous_366)
FNDA:0,(anonymous_367)
FNDA:0,(anonymous_368)
FNDA:0,(anonymous_369)
FNDA:0,(anonymous_370)
DA:3,6
DA:4,3
DA:13,3
DA:14,0
DA:15,0
DA:23,3
DA:24,0
DA:25,0
DA:26,0
DA:27,0
DA:28,0
DA:29,0
DA:31,0
DA:39,3
DA:40,0
DA:41,0
DA:42,0
DA:43,0
DA:44,0
DA:45,0
DA:47,0
DA:50,3
DA:51,0
DA:52,0
DA:53,0
DA:54,0
DA:55,0
DA:56,0
DA:58,0
DA:61,3
DA:62,0
DA:63,0
DA:64,0
DA:65,0
DA:66,0
DA:67,0
DA:69,0
DA:75,3
DA:76,0
DA:77,0
DA:78,0
DA:82,0
DA:83,0
DA:92,3
DA:93,0
DA:94,0
DA:95,0
DA:99,3
DA:100,0
DA:101,0
DA:102,0
DA:105,0
DA:111,3
DA:112,0
DA:119,3
DA:120,0
DA:121,0
DA:122,0
DA:125,0
DA:132,3
DA:133,0
DA:134,0
DA:135,0
DA:138,0
DA:140,3
LF:65
LH:14
BRDA:23,1,0,0
BRDA:23,1,1,0
BRDA:39,2,0,0
BRDA:39,2,1,0
BRDA:50,3,0,0
BRDA:50,3,1,0
BRDA:61,4,0,0
BRDA:61,4,1,0
BRDA:82,5,0,0
BRDA:82,5,1,0
BRDA:94,6,0,0
BRDA:94,6,1,0
BRDA:101,7,0,0
BRDA:101,7,1,0
BRDA:121,8,0,0
BRDA:121,8,1,0
BRDA:134,9,0,0
BRDA:134,9,1,0
BRDA:3,10,0,3
BRDA:3,10,1,0
BRF:20
BRH:1
end_of_record
TN:
SF:src/tweens/Frame.ts
FN:6,(anonymous_371)
FN:7,(anonymous_372)
FN:14,Frame
FN:23,(anonymous_374)
FN:28,(anonymous_375)
FN:32,(anonymous_376)
FN:36,(anonymous_377)
FN:40,(anonymous_378)
FN:44,(anonymous_379)
FN:48,(anonymous_380)
FN:52,(anonymous_381)
FN:56,(anonymous_382)
FNF:12
FNH:2
FNDA:3,(anonymous_371)
FNDA:3,(anonymous_372)
FNDA:0,Frame
FNDA:0,(anonymous_374)
FNDA:0,(anonymous_375)
FNDA:0,(anonymous_376)
FNDA:0,(anonymous_377)
FNDA:0,(anonymous_378)
FNDA:0,(anonymous_379)
FNDA:0,(anonymous_380)
FNDA:0,(anonymous_381)
FNDA:0,(anonymous_382)
DA:6,6
DA:7,3
DA:14,3
DA:15,0
DA:16,0
DA:17,0
DA:23,3
DA:24,0
DA:25,0
DA:28,3
DA:29,0
DA:33,0
DA:36,3
DA:37,0
DA:41,0
DA:44,3
DA:45,0
DA:49,0
DA:52,3
DA:53,0
DA:57,0
DA:59,3
LF:22
LH:9
BRDA:6,1,0,3
BRDA:6,1,1,0
BRF:2
BRH:1
end_of_record
TN:
SF:src/tweens/Tween.ts
FN:3,(anonymous_383)
FN:4,(anonymous_384)
FN:38,Tween
FN:58,(anonymous_386)
FN:68,(anonymous_387)
FN:86,(anonymous_388)
FN:98,(anonymous_389)
FN:129,(anonymous_390)
FN:161,(anonymous_391)
FN:168,(anonymous_392)
FN:172,(anonymous_393)
FN:179,(anonymous_394)
FN:183,(anonymous_395)
FN:190,(anonymous_396)
FN:194,(anonymous_397)
FN:202,(anonymous_398)
FN:211,(anonymous_399)
FN:217,(anonymous_400)
FN:221,(anonymous_401)
FN:231,(anonymous_402)
FN:239,(anonymous_403)
FN:247,(anonymous_404)
FN:255,(anonymous_405)
FN:267,(anonymous_406)
FN:279,(anonymous_407)
FN:287,(anonymous_408)
FN:295,(anonymous_409)
FN:302,(anonymous_410)
FN:310,(anonymous_411)
FN:318,(anonymous_412)
FN:326,(anonymous_413)
FN:334,(anonymous_414)
FN:342,(anonymous_415)
FN:350,(anonymous_416)
FN:358,(anonymous_417)
FN:366,(anonymous_418)
FN:371,(anonymous_419)
FN:375,(anonymous_420)
FN:379,(anonymous_421)
FN:383,(anonymous_422)
FNF:40
FNH:2
FNDA:3,(anonymous_383)
FNDA:3,(anonymous_384)
FNDA:0,Tween
FNDA:0,(anonymous_386)
FNDA:0,(anonymous_387)
FNDA:0,(anonymous_388)
FNDA:0,(anonymous_389)
FNDA:0,(anonymous_390)
FNDA:0,(anonymous_391)
FNDA:0,(anonymous_392)
FNDA:0,(anonymous_393)
FNDA:0,(anonymous_394)
FNDA:0,(anonymous_395)
FNDA:0,(anonymous_396)
FNDA:0,(anonymous_397)
FNDA:0,(anonymous_398)
FNDA:0,(anonymous_399)
FNDA:0,(anonymous_400)
FNDA:0,(anonymous_401)
FNDA:0,(anonymous_402)
FNDA:0,(anonymous_403)
FNDA:0,(anonymous_404)
FNDA:0,(anonymous_405)
FNDA:0,(anonymous_406)
FNDA:0,(anonymous_407)
FNDA:0,(anonymous_408)
FNDA:0,(anonymous_409)
FNDA:0,(anonymous_410)
FNDA:0,(anonymous_411)
FNDA:0,(anonymous_412)
FNDA:0,(anonymous_413)
FNDA:0,(anonymous_414)
FNDA:0,(anonymous_415)
FNDA:0,(anonymous_416)
FNDA:0,(anonymous_417)
FNDA:0,(anonymous_418)
FNDA:0,(anonymous_419)
FNDA:0,(anonymous_420)
FNDA:0,(anonymous_421)
FNDA:0,(anonymous_422)
DA:3,6
DA:4,3
DA:10,0
DA:12,0
DA:14,0
DA:18,0
DA:20,0
DA:22,0
DA:24,0
DA:26,0
DA:38,3
DA:39,0
DA:40,0
DA:41,0
DA:42,0
DA:43,0
DA:44,0
DA:45,0
DA:46,0
DA:47,0
DA:48,0
DA:58,3
DA:59,0
DA:60,0
DA:63,0
DA:64,0
DA:68,3
DA:69,0
DA:70,0
DA:71,0
DA:74,0
DA:75,0
DA:76,0
DA:86,3
DA:87,0
DA:88,0
DA:89,0
DA:90,0
DA:98,3
DA:101,0
DA:102,0
DA:103,0
DA:104,0
DA:105,0
DA:110,0
DA:112,0
DA:113,0
DA:116,0
DA:118,0
DA:119,0
DA:122,0
DA:129,3
DA:131,0
DA:133,0
DA:134,0
DA:135,0
DA:138,0
DA:139,0
DA:140,0
DA:142,0
DA:144,0
DA:147,0
DA:148,0
DA:149,0
DA:151,0
DA:152,0
DA:153,0
DA:161,3
DA:162,0
DA:168,3
DA:169,0
DA:172,3
DA:173,0
DA:179,3
DA:180,0
DA:183,3
DA:184,0
DA:190,3
DA:191,0
DA:194,3
DA:195,0
DA:196,0
DA:202,3
DA:203,0
DA:204,0
DA:205,0
DA:211,3
DA:212,0
DA:213,0
DA:214,0
DA:217,3
DA:218,0
DA:221,3
DA:231,3
DA:232,0
DA:233,0
DA:239,3
DA:240,0
DA:241,0
DA:247,3
DA:248,0
DA:255,3
DA:256,0
DA:257,0
DA:259,0
DA:267,3
DA:268,0
DA:269,0
DA:271,0
DA:279,3
DA:280,0
DA:288,0
DA:295,3
DA:296,0
DA:302,3
DA:303,0
DA:310,3
DA:311,0
DA:319,0
DA:326,3
DA:327,0
DA:334,3
DA:335,0
DA:343,0
DA:350,3
DA:351,0
DA:359,0
DA:366,3
DA:367,0
DA:371,3
DA:372,0
DA:376,0
DA:379,3
DA:380,0
DA:383,3
DA:384,0
DA:397,3
LF:137
LH:36
BRDA:59,1,0,0
BRDA:59,1,1,0
BRDA:69,2,0,0
BRDA:69,2,1,0
BRDA:112,3,0,0
BRDA:112,3,1,0
BRDA:118,4,0,0
BRDA:118,4,1,0
BRDA:131,5,0,0
BRDA:131,5,1,0
BRDA:133,6,0,0
BRDA:133,6,1,0
BRDA:142,7,0,0
BRDA:142,7,1,0
BRDA:147,8,0,0
BRDA:147,8,1,0
BRDA:247,9,0,0
BRDA:247,9,1,0
BRDA:256,10,0,0
BRDA:256,10,1,0
BRDA:268,11,0,0
BRDA:268,11,1,0
BRDA:268,12,0,0
BRDA:268,12,1,0
BRDA:3,13,0,3
BRDA:3,13,1,0
BRF:26
BRH:1
end_of_record
TN:
SF:src/tweens/TweenManager.ts
FN:3,(anonymous_423)
FN:4,(anonymous_424)
FN:13,TweenManager
FN:25,(anonymous_426)
FN:46,(anonymous_427)
FN:64,(anonymous_428)
FN:83,(anonymous_429)
FN:102,(anonymous_430)
FN:113,(anonymous_431)
FN:153,(anonymous_432)
FN:190,(anonymous_433)
FN:216,(anonymous_434)
FN:230,(anonymous_435)
FN:243,(anonymous_436)
FN:273,(anonymous_437)
FN:280,(anonymous_438)
FN:289,(anonymous_439)
FN:317,(anonymous_440)
FN:330,(anonymous_441)
FN:359,(anonymous_442)
FN:367,(anonymous_443)
FN:374,(anonymous_444)
FNF:22
FNH:2
FNDA:3,(anonymous_423)
FNDA:3,(anonymous_424)
FNDA:0,TweenManager
FNDA:0,(anonymous_426)
FNDA:0,(anonymous_427)
FNDA:0,(anonymous_428)
FNDA:0,(anonymous_429)
FNDA:0,(anonymous_430)
FNDA:0,(anonymous_431)
FNDA:0,(anonymous_432)
FNDA:0,(anonymous_433)
FNDA:0,(anonymous_434)
FNDA:0,(anonymous_435)
FNDA:0,(anonymous_436)
FNDA:0,(anonymous_437)
FNDA:0,(anonymous_438)
FNDA:0,(anonymous_439)
FNDA:0,(anonymous_440)
FNDA:0,(anonymous_441)
FNDA:0,(anonymous_442)
FNDA:0,(anonymous_443)
FNDA:0,(anonymous_444)
DA:3,6
DA:4,3
DA:13,3
DA:14,0
DA:15,0
DA:16,0
DA:17,0
DA:25,3
DA:28,0
DA:29,0
DA:30,0
DA:32,0
DA:33,0
DA:46,3
DA:48,0
DA:49,0
DA:50,0
DA:51,0
DA:54,0
DA:55,0
DA:56,0
DA:64,3
DA:65,0
DA:66,0
DA:67,0
DA:69,0
DA:70,0
DA:83,3
DA:86,0
DA:87,0
DA:89,0
DA:90,0
DA:91,0
DA:102,3
DA:103,0
DA:113,3
DA:114,0
DA:115,0
DA:116,0
DA:118,0
DA:122,0
DA:124,0
DA:126,0
DA:128,0
DA:129,0
DA:130,0
DA:132,0
DA:136,0
DA:137,0
DA:138,0
DA:139,0
DA:142,0
DA:153,3
DA:155,0
DA:157,0
DA:161,0
DA:163,0
DA:164,0
DA:165,0
DA:168,0
DA:171,0
DA:176,0
DA:178,0
DA:179,0
DA:190,3
DA:193,0
DA:195,0
DA:196,0
DA:197,0
DA:200,0
DA:203,0
DA:208,0
DA:209,0
DA:210,0
DA:216,3
DA:218,0
DA:220,0
DA:222,0
DA:224,0
DA:230,3
DA:231,0
DA:233,0
DA:235,0
DA:237,0
DA:243,3
DA:244,0
DA:245,0
DA:247,0
DA:248,0
DA:249,0
DA:250,0
DA:251,0
DA:252,0
DA:254,0
DA:257,0
DA:260,0
DA:261,0
DA:262,0
DA:263,0
DA:266,0
DA:273,3
DA:274,0
DA:280,3
DA:281,0
DA:282,0
DA:289,3
DA:292,0
DA:295,0
DA:296,0
DA:298,0
DA:299,0
DA:301,0
DA:302,0
DA:303,0
DA:305,0
DA:317,3
DA:319,0
DA:321,0
DA:323,0
DA:330,3
DA:331,0
DA:332,0
DA:334,0
DA:335,0
DA:336,0
DA:337,0
DA:341,0
DA:342,0
DA:343,0
DA:344,0
DA:348,0
DA:349,0
DA:350,0
DA:352,0
DA:359,3
DA:360,0
DA:361,0
DA:367,3
DA:368,0
DA:374,3
DA:375,0
DA:377,3
LF:142
LH:23
BRDA:28,1,0,0
BRDA:28,1,1,0
BRDA:48,2,0,0
BRDA:48,2,1,0
BRDA:65,3,0,0
BRDA:65,3,1,0
BRDA:115,4,0,0
BRDA:115,4,1,0
BRDA:122,5,0,0
BRDA:122,5,1,0
BRDA:129,6,0,0
BRDA:129,6,1,0
BRDA:136,7,0,0
BRDA:136,7,1,0
BRDA:157,8,0,0
BRDA:157,8,1,0
BRDA:163,9,0,0
BRDA:163,9,1,0
BRDA:195,10,0,0
BRDA:195,10,1,0
BRDA:220,11,0,0
BRDA:220,11,1,0
BRDA:231,12,0,0
BRDA:231,12,1,0
BRDA:231,13,0,0
BRDA:231,13,1,0
BRDA:245,14,0,0
BRDA:245,14,1,0
BRDA:247,15,0,0
BRDA:247,15,1,0
BRDA:250,16,0,0
BRDA:250,16,1,0
BRDA:250,17,0,0
BRDA:250,17,1,0
BRDA:260,18,0,0
BRDA:260,18,1,0
BRDA:274,19,0,0
BRDA:274,19,1,0
BRDA:281,20,0,0
BRDA:281,20,1,0
BRDA:281,21,0,0
BRDA:281,21,1,0
BRDA:298,22,0,0
BRDA:298,22,1,0
BRDA:301,23,0,0
BRDA:301,23,1,0
BRDA:317,24,0,0
BRDA:317,24,1,0
BRDA:321,25,0,0
BRDA:321,25,1,0
BRDA:335,26,0,0
BRDA:335,26,1,0
BRDA:342,27,0,0
BRDA:342,27,1,0
BRDA:348,28,0,0
BRDA:348,28,1,0
BRDA:361,29,0,0
BRDA:361,29,1,0
BRDA:3,30,0,3
BRDA:3,30,1,0
BRF:60
BRH:1
end_of_record
TN:
SF:src/core/engine.ts
FN:3,(anonymous_445)
FN:5,(anonymous_446)
FN:14,Engine
FN:61,(anonymous_448)
FN:73,(anonymous_449)
FN:83,(anonymous_450)
FNF:6
FNH:2
FNDA:3,(anonymous_445)
FNDA:3,(anonymous_446)
FNDA:0,Engine
FNDA:0,(anonymous_448)
FNDA:0,(anonymous_449)
FNDA:0,(anonymous_450)
DA:3,6
DA:5,3
DA:14,3
DA:16,0
DA:17,0
DA:18,0
DA:19,0
DA:20,0
DA:21,0
DA:22,0
DA:24,0
DA:25,0
DA:27,0
DA:28,0
DA:30,0
DA:31,0
DA:32,0
DA:34,0
DA:37,0
DA:40,0
DA:43,0
DA:46,0
DA:49,0
DA:50,0
DA:51,0
DA:61,3
DA:62,0
DA:63,0
DA:64,0
DA:65,0
DA:73,3
DA:75,0
DA:83,3
DA:84,0
DA:85,0
DA:87,3
LF:36
LH:7
BRDA:14,1,0,0
BRDA:14,1,1,0
BRDA:15,2,0,0
BRDA:15,2,1,0
BRDA:19,3,0,0
BRDA:19,3,1,0
BRDA:3,4,0,3
BRDA:3,4,1,0
BRF:8
BRH:1
end_of_record
